<?xml version="1.0" encoding="UTF-8"?>
<!-- Generated by org.testng.reporters.JUnitReportReporter -->
<testsuite hostname="Acer-PC" name="org.cts.test.DataDriven.Testng2" tests="2" failures="0" timestamp="21 Aug 2019 05:03:58 GMT" time="19.228" errors="0">
  <testcase name="tc4" time="0.001" classname="org.cts.test.DataDriven.Testng2"/>
  <testcase name="tc3" time="19.227" classname="org.cts.test.DataDriven.Testng2"/>
</testsuite> <!-- org.cts.test.DataDriven.Testng2 -->
