<?xml version="1.0" encoding="UTF-8"?>
<!-- Generated by org.testng.reporters.JUnitReportReporter -->
<testsuite hostname="Acer-PC" name="org.cts.test.DataDriven.Dataproviderexample" tests="2" failures="0" timestamp="6 Sep 2019 15:08:27 GMT" time="0.020" errors="0">
  <testcase name="tc1" time="0.020" classname="org.cts.test.DataDriven.Dataproviderexample"/>
  <testcase name="tc1" time="0.000" classname="org.cts.test.DataDriven.Dataproviderexample"/>
</testsuite> <!-- org.cts.test.DataDriven.Dataproviderexample -->
