<?xml version="1.0" encoding="UTF-8"?>
<!-- Generated by org.testng.reporters.JUnitReportReporter -->
<testsuite hostname="Acer-PC" name="org.cts.test.DataDriven.TestngTest" tests="6" failures="0" timestamp="21 Aug 2019 05:03:58 GMT" time="22.332" errors="0">
  <testcase name="tc1" time="22.328" classname="org.cts.test.DataDriven.TestngTest"/>
  <testcase name="tc3" time="0.000" classname="org.cts.test.DataDriven.TestngTest"/>
  <testcase name="tc3" time="0.000" classname="org.cts.test.DataDriven.TestngTest"/>
  <testcase name="tc3" time="0.001" classname="org.cts.test.DataDriven.TestngTest"/>
  <testcase name="tc3" time="0.002" classname="org.cts.test.DataDriven.TestngTest"/>
  <testcase name="tc3" time="0.001" classname="org.cts.test.DataDriven.TestngTest"/>
</testsuite> <!-- org.cts.test.DataDriven.TestngTest -->
