<?xml version="1.0" encoding="UTF-8"?>
<!-- Generated by org.testng.reporters.JUnitReportReporter -->
<testsuite hostname="Acer-PC" name="org.cts.test.DataDriven.Groupsexample" tests="5" failures="0" timestamp="6 Sep 2019 05:15:13 GMT" time="0.229" errors="0">
  <testcase name="tc2" time="0.002" classname="org.cts.test.DataDriven.Groupsexample"/>
  <testcase name="tc3" time="0.001" classname="org.cts.test.DataDriven.Groupsexample"/>
  <testcase name="tc1" time="0.222" classname="org.cts.test.DataDriven.Groupsexample"/>
  <testcase name="tc5" time="0.002" classname="org.cts.test.DataDriven.Groupsexample"/>
  <testcase name="tc4" time="0.002" classname="org.cts.test.DataDriven.Groupsexample"/>
</testsuite> <!-- org.cts.test.DataDriven.Groupsexample -->
