<?xml version="1.0" encoding="UTF-8"?>
<!-- Generated by org.testng.reporters.JUnitReportReporter -->
<testsuite hostname="Acer-PC" name="org.cts.test.DataDriven.TC1" tests="4" failures="0" timestamp="21 Aug 2019 06:16:33 GMT" time="177.407" errors="0">
  <testcase name="tc3" time="37.845" classname="org.cts.test.DataDriven.TC1"/>
  <testcase name="tc2" time="30.907" classname="org.cts.test.DataDriven.TC1"/>
  <testcase name="tc5" time="48.440" classname="org.cts.test.DataDriven.TC1"/>
  <testcase name="tc4" time="60.215" classname="org.cts.test.DataDriven.TC1"/>
</testsuite> <!-- org.cts.test.DataDriven.TC1 -->
