<?xml version="1.0" encoding="UTF-8"?>
<!-- Generated by org.testng.reporters.JUnitReportReporter -->
<testsuite hostname="Acer-PC" name="org.cts.test.DataDriven.ParallelClassB" tests="3" failures="0" timestamp="6 Sep 2019 05:37:45 GMT" time="0.068" errors="0">
  <testcase name="tc1" time="0.031" classname="org.cts.test.DataDriven.ParallelClassB"/>
  <testcase name="tc3" time="0.006" classname="org.cts.test.DataDriven.ParallelClassB"/>
  <testcase name="tc2" time="0.031" classname="org.cts.test.DataDriven.ParallelClassB"/>
</testsuite> <!-- org.cts.test.DataDriven.ParallelClassB -->
